<?xml version="1.0" encoding="UTF-8"?>
<testsuite xmlns:xsi="http://www.w3.org/2001/XMLSchema-instance" xsi:noNamespaceSchemaLocation="https://maven.apache.org/surefire/maven-surefire-plugin/xsd/surefire-test-report.xsd" version="3.0.2" name="com.example.services.ProductServiceTest" time="0.141" tests="16" errors="0" skipped="0" failures="0">
  <properties>
    <property name="awt.toolkit" value="sun.awt.X11.XToolkit"/>
    <property name="java.specification.version" value="11"/>
    <property name="sun.cpu.isalist" value=""/>
    <property name="sun.jnu.encoding" value="UTF-8"/>
    <property name="java.class.path" value="/home/ubuntu/atividade_projeto/target/test-classes:/home/ubuntu/atividade_projeto/target/classes:/home/ubuntu/.m2/repository/org/junit/jupiter/junit-jupiter-api/5.10.3/junit-jupiter-api-5.10.3.jar:/home/ubuntu/.m2/repository/org/opentest4j/opentest4j/1.3.0/opentest4j-1.3.0.jar:/home/ubuntu/.m2/repository/org/junit/platform/junit-platform-commons/1.10.3/junit-platform-commons-1.10.3.jar:/home/ubuntu/.m2/repository/org/apiguardian/apiguardian-api/1.1.2/apiguardian-api-1.1.2.jar:/home/ubuntu/.m2/repository/org/junit/jupiter/junit-jupiter-engine/5.10.3/junit-jupiter-engine-5.10.3.jar:/home/ubuntu/.m2/repository/org/junit/platform/junit-platform-engine/1.10.3/junit-platform-engine-1.10.3.jar:/home/ubuntu/.m2/repository/org/mockito/mockito-junit-jupiter/5.12.0/mockito-junit-jupiter-5.12.0.jar:/home/ubuntu/.m2/repository/org/mockito/mockito-core/5.12.0/mockito-core-5.12.0.jar:/home/ubuntu/.m2/repository/net/bytebuddy/byte-buddy/1.14.15/byte-buddy-1.14.15.jar:/home/ubuntu/.m2/repository/net/bytebuddy/byte-buddy-agent/1.14.15/byte-buddy-agent-1.14.15.jar:/home/ubuntu/.m2/repository/org/objenesis/objenesis/3.3/objenesis-3.3.jar:"/>
    <property name="java.vm.vendor" value="Ubuntu"/>
    <property name="sun.arch.data.model" value="64"/>
    <property name="java.vendor.url" value="https://ubuntu.com/"/>
    <property name="user.timezone" value=""/>
    <property name="java.vm.specification.version" value="11"/>
    <property name="os.name" value="Linux"/>
    <property name="sun.java.launcher" value="SUN_STANDARD"/>
    <property name="sun.boot.library.path" value="/usr/lib/jvm/java-11-openjdk-amd64/lib"/>
    <property name="sun.java.command" value="/home/ubuntu/atividade_projeto/target/surefire/surefirebooter-20250523154352872_3.jar /home/ubuntu/atividade_projeto/target/surefire 2025-05-23T15-43-52_795-jvmRun1 surefire-20250523154352872_1tmp surefire_0-20250523154352872_2tmp"/>
    <property name="jdk.debug" value="release"/>
    <property name="surefire.test.class.path" value="/home/ubuntu/atividade_projeto/target/test-classes:/home/ubuntu/atividade_projeto/target/classes:/home/ubuntu/.m2/repository/org/junit/jupiter/junit-jupiter-api/5.10.3/junit-jupiter-api-5.10.3.jar:/home/ubuntu/.m2/repository/org/opentest4j/opentest4j/1.3.0/opentest4j-1.3.0.jar:/home/ubuntu/.m2/repository/org/junit/platform/junit-platform-commons/1.10.3/junit-platform-commons-1.10.3.jar:/home/ubuntu/.m2/repository/org/apiguardian/apiguardian-api/1.1.2/apiguardian-api-1.1.2.jar:/home/ubuntu/.m2/repository/org/junit/jupiter/junit-jupiter-engine/5.10.3/junit-jupiter-engine-5.10.3.jar:/home/ubuntu/.m2/repository/org/junit/platform/junit-platform-engine/1.10.3/junit-platform-engine-1.10.3.jar:/home/ubuntu/.m2/repository/org/mockito/mockito-junit-jupiter/5.12.0/mockito-junit-jupiter-5.12.0.jar:/home/ubuntu/.m2/repository/org/mockito/mockito-core/5.12.0/mockito-core-5.12.0.jar:/home/ubuntu/.m2/repository/net/bytebuddy/byte-buddy/1.14.15/byte-buddy-1.14.15.jar:/home/ubuntu/.m2/repository/net/bytebuddy/byte-buddy-agent/1.14.15/byte-buddy-agent-1.14.15.jar:/home/ubuntu/.m2/repository/org/objenesis/objenesis/3.3/objenesis-3.3.jar:"/>
    <property name="sun.cpu.endian" value="little"/>
    <property name="user.home" value="/home/ubuntu"/>
    <property name="user.language" value="en"/>
    <property name="java.specification.vendor" value="Oracle Corporation"/>
    <property name="java.version.date" value="2025-04-15"/>
    <property name="java.home" value="/usr/lib/jvm/java-11-openjdk-amd64"/>
    <property name="file.separator" value="/"/>
    <property name="basedir" value="/home/ubuntu/atividade_projeto"/>
    <property name="java.vm.compressedOopsMode" value="32-bit"/>
    <property name="line.separator" value="&#10;"/>
    <property name="java.specification.name" value="Java Platform API Specification"/>
    <property name="java.vm.specification.vendor" value="Oracle Corporation"/>
    <property name="java.awt.graphicsenv" value="sun.awt.X11GraphicsEnvironment"/>
    <property name="surefire.real.class.path" value="/home/ubuntu/atividade_projeto/target/surefire/surefirebooter-20250523154352872_3.jar"/>
    <property name="sun.management.compiler" value="HotSpot 64-Bit Tiered Compilers"/>
    <property name="java.runtime.version" value="11.0.27+6-post-Ubuntu-0ubuntu122.04"/>
    <property name="user.name" value="ubuntu"/>
    <property name="path.separator" value=":"/>
    <property name="os.version" value="6.1.102"/>
    <property name="java.runtime.name" value="OpenJDK Runtime Environment"/>
    <property name="file.encoding" value="UTF-8"/>
    <property name="java.vm.name" value="OpenJDK 64-Bit Server VM"/>
    <property name="localRepository" value="/home/ubuntu/.m2/repository"/>
    <property name="java.vendor.url.bug" value="https://bugs.launchpad.net/ubuntu/+source/openjdk-lts"/>
    <property name="java.io.tmpdir" value="/tmp"/>
    <property name="java.version" value="11.0.27"/>
    <property name="user.dir" value="/home/ubuntu/atividade_projeto"/>
    <property name="os.arch" value="amd64"/>
    <property name="java.vm.specification.name" value="Java Virtual Machine Specification"/>
    <property name="java.awt.printerjob" value="sun.print.PSPrinterJob"/>
    <property name="sun.os.patch.level" value="unknown"/>
    <property name="java.library.path" value="/usr/java/packages/lib:/usr/lib/x86_64-linux-gnu/jni:/lib/x86_64-linux-gnu:/usr/lib/x86_64-linux-gnu:/usr/lib/jni:/lib:/usr/lib"/>
    <property name="java.vm.info" value="mixed mode, sharing"/>
    <property name="java.vendor" value="Ubuntu"/>
    <property name="java.vm.version" value="11.0.27+6-post-Ubuntu-0ubuntu122.04"/>
    <property name="java.specification.maintenance.version" value="3"/>
    <property name="sun.io.unicode.encoding" value="UnicodeLittle"/>
    <property name="java.class.version" value="55.0"/>
  </properties>
  <testcase name="deveObterCaminhoImagemPorIdCorretamente" classname="com.example.services.ProductServiceTest" time="0.062"/>
  <testcase name="deveFalharAoSalvarImagemSemNomeOriginal" classname="com.example.services.ProductServiceTest" time="0.003"/>
  <testcase name="deveFalharAoSalvarImagemInexistente" classname="com.example.services.ProductServiceTest" time="0.003"/>
  <testcase name="deveAtualizarImagemCorretamenteSemImagemAnterior" classname="com.example.services.ProductServiceTest" time="0.003"/>
  <testcase name="deveFalharAoSalvarComProdutoNulo" classname="com.example.services.ProductServiceTest" time="0.002"/>
  <testcase name="deveRetornarTrueAoRemoverImagemInexistente" classname="com.example.services.ProductServiceTest" time="0.002"/>
  <testcase name="deveFalharAoSalvarComCaminhoImagemNulo" classname="com.example.services.ProductServiceTest" time="0.001"/>
  <testcase name="deveSalvarImagemCorretamenteComNomeOriginal" classname="com.example.services.ProductServiceTest" time="0.002"/>
  <testcase name="deveSalvarImagemComEspacoNomeOriginalCorretamente" classname="com.example.services.ProductServiceTest" time="0.002"/>
  <testcase name="deveAtualizarImagemCorretamente" classname="com.example.services.ProductServiceTest" time="0.002"/>
  <testcase name="deveFalharAoAtualizarComImagemOrigemInvalida" classname="com.example.services.ProductServiceTest" time="0.002"/>
  <testcase name="deveAtualizarImagemMesmoNomeOriginal" classname="com.example.services.ProductServiceTest" time="0.004"/>
  <testcase name="deveSalvarImagemJpgCorretamenteComNomeOriginal" classname="com.example.services.ProductServiceTest" time="0.002"/>
  <testcase name="deveRetornarNuloAoObterCaminhoImagemInexistente" classname="com.example.services.ProductServiceTest" time="0.002"/>
  <testcase name="deveFalharAoSalvarComCaminhoImagemVazio" classname="com.example.services.ProductServiceTest" time="0.002"/>
  <testcase name="deveRemoverImagemCorretamente" classname="com.example.services.ProductServiceTest" time="0.002"/>
</testsuite>